PrivacyBreacher/PrivacyBreacher/app/build/intermediates/manifest_merge_blame_file/debug/manifest-merger-blame-debug-report.txt
1<?xml version="1.0" encoding="utf-8"?>
2<manifest xmlns:android="http://schemas.android.com/apk/res/android"
3    package="com.syuzme.thanh.myappprivacy.privacybreacher"
4    android:versionCode="1"
5    android:versionName="1" >
6
7    <uses-sdk
8        android:minSdkVersion="21"
8-->src\main\AndroidManifest.xml
9        android:targetSdkVersion="30" />
9-->src\main\AndroidManifest.xml
10    <!-- Tell the system this app requires OpenGL ES 2.0. -->
11    <uses-feature
11-->src\main\AndroidManifest.xml:5:5-7:35
12        android:glEsVersion="0x00020000"
12-->src\main\AndroidManifest.xml:6:9-41
13        android:required="true" />
13-->src\main\AndroidManifest.xml:7:9-32
14
15    <uses-permission android:name="android.permission.FOREGROUND_SERVICE" />
15-->src\main\AndroidManifest.xml:9:5-77
15-->src\main\AndroidManifest.xml:9:22-74
16    <uses-permission android:name="com.android.vending.BILLING" />
16-->[com.android.billingclient:billing:4.0.0] AndroidManifest.xml:10:5-67
16-->[com.android.billingclient:billing:4.0.0] AndroidManifest.xml:10:22-64
17
18    <application
18-->src\main\AndroidManifest.xml:11:5-43:19
19        android:allowBackup="true"
19-->src\main\AndroidManifest.xml:12:9-35
20        android:appComponentFactory="androidx.core.app.CoreComponentFactory"
20-->[androidx.core:core:1.0.1] AndroidManifest.xml:22:18-86
21        android:debuggable="true"
22        android:icon="@drawable/iconapp"
22-->src\main\AndroidManifest.xml:13:9-41
23        android:label="@string/app_name"
23-->src\main\AndroidManifest.xml:14:9-41
24        android:roundIcon="@drawable/iconapp"
24-->src\main\AndroidManifest.xml:15:9-46
25        android:supportsRtl="true"
25-->src\main\AndroidManifest.xml:16:9-35
26        android:testOnly="true"
27        android:theme="@style/AppTheme" >
27-->src\main\AndroidManifest.xml:17:9-40
28        <activity android:name="io.nandandesai.privacybreacher.AboutActivity" />
28-->src\main\AndroidManifest.xml:18:9-60
28-->src\main\AndroidManifest.xml:18:19-48
29        <activity android:name="io.nandandesai.privacybreacher.PhoneInfoActivity" />
29-->src\main\AndroidManifest.xml:19:9-55
29-->src\main\AndroidManifest.xml:19:19-52
30        <activity android:name="io.nandandesai.privacybreacher.PhoneMonitorActivity" />
30-->src\main\AndroidManifest.xml:20:9-58
30-->src\main\AndroidManifest.xml:20:19-55
31        <activity android:name="io.nandandesai.privacybreacher.PhysicalMonitorActivity" />
31-->src\main\AndroidManifest.xml:21:9-61
31-->src\main\AndroidManifest.xml:21:19-58
32
33        <service
33-->src\main\AndroidManifest.xml:23:9-26:39
34            android:name="io.nandandesai.privacybreacher.PrivacyBreacherService"
34-->src\main\AndroidManifest.xml:24:13-51
35            android:enabled="true"
35-->src\main\AndroidManifest.xml:25:13-35
36            android:exported="true" />
36-->src\main\AndroidManifest.xml:26:13-36
37
38        <receiver
38-->src\main\AndroidManifest.xml:28:9-31:39
39            android:name="io.nandandesai.privacybreacher.EventReceiver"
39-->src\main\AndroidManifest.xml:29:13-42
40            android:enabled="true"
40-->src\main\AndroidManifest.xml:30:13-35
41            android:exported="true" />
41-->src\main\AndroidManifest.xml:31:13-36
42
43        <activity android:name="io.nandandesai.privacybreacher.ShopActivity" />
43-->src\main\AndroidManifest.xml:32:9-59
43-->src\main\AndroidManifest.xml:32:19-47
44        <activity
44-->src\main\AndroidManifest.xml:34:9-42:20
45            android:name="io.nandandesai.privacybreacher.MainActivity"
45-->src\main\AndroidManifest.xml:35:13-41
46            android:launchMode="singleTop" >
46-->src\main\AndroidManifest.xml:36:13-43
47            <intent-filter>
47-->src\main\AndroidManifest.xml:37:13-41:29
48                <action android:name="android.intent.action.MAIN" />
48-->src\main\AndroidManifest.xml:38:17-69
48-->src\main\AndroidManifest.xml:38:25-66
49
50                <category android:name="android.intent.category.LAUNCHER" />
50-->src\main\AndroidManifest.xml:40:17-77
50-->src\main\AndroidManifest.xml:40:27-74
51            </intent-filter>
52        </activity>
53
54        <meta-data
54-->[com.android.billingclient:billing:4.0.0] AndroidManifest.xml:13:9-15:37
55            android:name="com.google.android.play.billingclient.version"
55-->[com.android.billingclient:billing:4.0.0] AndroidManifest.xml:14:13-73
56            android:value="4.0.0" />
56-->[com.android.billingclient:billing:4.0.0] AndroidManifest.xml:15:13-34
57
58        <activity
58-->[com.android.billingclient:billing:4.0.0] AndroidManifest.xml:17:9-21:75
59            android:name="com.android.billingclient.api.ProxyBillingActivity"
59-->[com.android.billingclient:billing:4.0.0] AndroidManifest.xml:18:13-78
60            android:configChanges="keyboard|keyboardHidden|screenLayout|screenSize|orientation"
60-->[com.android.billingclient:billing:4.0.0] AndroidManifest.xml:19:13-96
61            android:exported="false"
61-->[com.android.billingclient:billing:4.0.0] AndroidManifest.xml:20:13-37
62            android:theme="@android:style/Theme.Translucent.NoTitleBar" />
62-->[com.android.billingclient:billing:4.0.0] AndroidManifest.xml:21:13-72
63    </application>
64
65</manifest>